0 info it worked if it ends with ok
1 verbose cli [ 'C:\\Program Files\\nodejs\\node.exe',
1 verbose cli   'C:\\Program Files\\nodejs\\node_modules\\npm\\bin\\npm-cli.js',
1 verbose cli   'start' ]
2 info using npm@3.10.10
3 info using node@v6.17.1
4 verbose run-script [ 'prestart', 'start', 'poststart' ]
5 info lifecycle p2ptnjs@0.1.0~prestart: p2ptnjs@0.1.0
6 silly lifecycle p2ptnjs@0.1.0~prestart: no script for prestart, continuing
7 info lifecycle p2ptnjs@0.1.0~start: p2ptnjs@0.1.0
8 verbose lifecycle p2ptnjs@0.1.0~start: unsafe-perm in lifecycle true
9 verbose lifecycle p2ptnjs@0.1.0~start: PATH: C:\Users\dschramm\AppData\Roaming\nvm\v6.17.1\node_modules\npm\bin\node-gyp-bin;C:\Users\dschramm\git\p2ptnjs\node_modules\.bin;C:\Program Files (x86)\Common Files\Oracle\Java\javapath;C:\Program Files\Docker\Docker\Resources\bin;C:\app\dschramm\product\12.2.0\client_2;C:\app\dschramm\product\12.2.0\client_1;C:\WINDOWS\system32;C:\WINDOWS;C:\WINDOWS\System32\Wbem;C:\WINDOWS\System32\WindowsPowerShell\v1.0\;C:\WINDOWS\System32\OpenSSH\;C:\Program Files\PuTTY\;C:\Program Files\Git\cmd;C:\Program Files (x86)\Skype\Phone\;C:\Program Files\python;C:\Program Files\Apache Maven\bin;C:\Users\dschramm\AppData\Roaming\nvm;C:\Program Files\nodejs;C:\Users\dschramm\AppData\Roaming\nvm;C:\Program Files\Java\jdk1.8.0_221\bin;C:\ProgramData\chocolatey\bin;C:\Program Files\apache-maven-3.6.2\bin;C:\HashiCorp\Vagrant\bin;C:\opscode\chefdk\bin\;C:\opscode\chef\bin\;C:\Program Files\Microsoft\Web Platform Installer\;c:\Program Files (x86)\Microsoft SQL Server\100\Tools\Binn\;c:\Program Files\Microsoft SQL Server\100\Tools\Binn\;c:\Program Files\Microsoft SQL Server\100\DTS\Binn\;C:\Program Files\MiKTeX 2.9\miktex\bin\x64\;C:\Program Files\Docker\Docker\resources\bin;C:\ProgramData\DockerDesktop\version-bin;C:\Program Files\MySQL\MySQL Shell 8.0\bin\;C:\Users\dschramm\AppData\Local\Microsoft\WindowsApps;C:\Users\dschramm\AppData\Local\Programs\Microsoft VS Code\bin;C:\Users\dschramm\AppData\Roaming\nvm;C:\Program Files\nodejs;C:\Program Files\Java\jdk1.8.0_221\bin;C:\Users\dschramm\AppData\Local\.meteor;C:\Users\dschramm\AppData\Local\.meteor\;C:\Program Files\apache-maven-3.6.2\bin;
10 verbose lifecycle p2ptnjs@0.1.0~start: CWD: C:\Users\dschramm\git\p2ptnjs
11 silly lifecycle p2ptnjs@0.1.0~start: Args: [ '/d /s /c', 'node index.js' ]
12 silly lifecycle p2ptnjs@0.1.0~start: Returned: code: 1  signal: null
13 info lifecycle p2ptnjs@0.1.0~start: Failed to exec start script
14 verbose stack Error: p2ptnjs@0.1.0 start: `node index.js`
14 verbose stack Exit status 1
14 verbose stack     at EventEmitter.<anonymous> (C:\Users\dschramm\AppData\Roaming\nvm\v6.17.1\node_modules\npm\lib\utils\lifecycle.js:255:16)
14 verbose stack     at emitTwo (events.js:106:13)
14 verbose stack     at EventEmitter.emit (events.js:191:7)
14 verbose stack     at ChildProcess.<anonymous> (C:\Users\dschramm\AppData\Roaming\nvm\v6.17.1\node_modules\npm\lib\utils\spawn.js:40:14)
14 verbose stack     at emitTwo (events.js:106:13)
14 verbose stack     at ChildProcess.emit (events.js:191:7)
14 verbose stack     at maybeClose (internal/child_process.js:920:16)
14 verbose stack     at Process.ChildProcess._handle.onexit (internal/child_process.js:230:5)
15 verbose pkgid p2ptnjs@0.1.0
16 verbose cwd C:\Users\dschramm\git\p2ptnjs
17 error Windows_NT 10.0.18362
18 error argv "C:\\Program Files\\nodejs\\node.exe" "C:\\Program Files\\nodejs\\node_modules\\npm\\bin\\npm-cli.js" "start"
19 error node v6.17.1
20 error npm  v3.10.10
21 error code ELIFECYCLE
22 error p2ptnjs@0.1.0 start: `node index.js`
22 error Exit status 1
23 error Failed at the p2ptnjs@0.1.0 start script 'node index.js'.
23 error Make sure you have the latest version of node.js and npm installed.
23 error If you do, this is most likely a problem with the p2ptnjs package,
23 error not with npm itself.
23 error Tell the author that this fails on your system:
23 error     node index.js
23 error You can get information on how to open an issue for this project with:
23 error     npm bugs p2ptnjs
23 error Or if that isn't available, you can get their info via:
23 error     npm owner ls p2ptnjs
23 error There is likely additional logging output above.
24 verbose exit [ 1, true ]
